<?xml version="1.0" encoding="UTF-8"?>
<coverage generated="1756754272197" clover="3.2.0">
  <project timestamp="1756754272197" name="All files">
    <metrics statements="11" coveredstatements="8" conditionals="2" coveredconditionals="2" methods="2" coveredmethods="1" elements="15" coveredelements="11" complexity="0" loc="11" ncloc="11" packages="1" files="1" classes="1"/>
    <file name="index.js" path="C:\Users\viniciusdilly\Documents\programming\tdd-jest\index.js">
      <metrics statements="11" coveredstatements="8" conditionals="2" coveredconditionals="2" methods="2" coveredmethods="1"/>
      <line num="1" count="1" type="stmt"/>
      <line num="2" count="2" type="cond" truecount="1" falsecount="0"/>
      <line num="3" count="2" type="cond" truecount="1" falsecount="0"/>
      <line num="4" count="1" type="stmt"/>
      <line num="5" count="1" type="stmt"/>
      <line num="6" count="1" type="stmt"/>
      <line num="7" count="0" type="stmt"/>
      <line num="8" count="0" type="stmt"/>
      <line num="9" count="0" type="stmt"/>
      <line num="10" count="1" type="stmt"/>
      <line num="11" count="1" type="stmt"/>
    </file>
  </project>
</coverage>
