{"C:\\Users\\viniciusdilly\\Documents\\programming\\tdd-jest\\index.js": {"path":"C:\\Users\\viniciusdilly\\Documents\\programming\\tdd-jest\\index.js","all":false,"statementMap":{"0":{"start":{"line":1,"column":0},"end":{"line":1,"column":0}},"1":{"start":{"line":2,"column":0},"end":{"line":2,"column":43}},"2":{"start":{"line":3,"column":0},"end":{"line":3,"column":36}},"3":{"start":{"line":4,"column":0},"end":{"line":4,"column":28}},"4":{"start":{"line":5,"column":0},"end":{"line":5,"column":1}},"5":{"start":{"line":6,"column":0},"end":{"line":6,"column":0}},"6":{"start":{"line":7,"column":0},"end":{"line":7,"column":14}},"7":{"start":{"line":8,"column":0},"end":{"line":8,"column":13}},"8":{"start":{"line":9,"column":0},"end":{"line":9,"column":1}},"9":{"start":{"line":10,"column":0},"end":{"line":10,"column":0}},"10":{"start":{"line":11,"column":0},"end":{"line":11,"column":37}}},"s":{"0":1,"1":2,"2":2,"3":1,"4":1,"5":1,"6":0,"7":0,"8":0,"9":1,"10":1},"branchMap":{"0":{"type":"branch","line":2,"loc":{"start":{"line":2,"column":0},"end":{"line":5,"column":1}},"locations":[{"start":{"line":2,"column":0},"end":{"line":5,"column":1}}]},"1":{"type":"branch","line":3,"loc":{"start":{"line":3,"column":27},"end":{"line":5,"column":1}},"locations":[{"start":{"line":3,"column":27},"end":{"line":5,"column":1}}]}},"b":{"0":[2],"1":[1]},"fnMap":{"0":{"name":"aplicarDesconto","decl":{"start":{"line":2,"column":0},"end":{"line":5,"column":1}},"loc":{"start":{"line":2,"column":0},"end":{"line":5,"column":1}},"line":2},"1":{"name":"x","decl":{"start":{"line":7,"column":0},"end":{"line":9,"column":1}},"loc":{"start":{"line":7,"column":0},"end":{"line":9,"column":1}},"line":7}},"f":{"0":2,"1":0}}
}
